<?xml version="1.0" encoding="UTF-8"?>
<testsuite xmlns:xsi="http://www.w3.org/2001/XMLSchema-instance" xsi:noNamespaceSchemaLocation="https://maven.apache.org/surefire/maven-surefire-plugin/xsd/surefire-test-report.xsd" name="fr.client.RESTClientTest" time="0.233" tests="4" errors="0" skipped="0" failures="0">
  <properties>
[...]
</properties>
  <testcase name="trafficForStore" classname="fr.client.RESTClientTest" time="0.097"/>
  <testcase name="trafficForDate" classname="fr.client.RESTClientTest" time="0"/>
  <testcase name="allTrafficTest" classname="fr.client.RESTClientTest" time="0"/>
  <testcase name="badRequestTest" classname="fr.client.RESTClientTest" time="0.016"/>
</testsuite>